# JRE version: OpenJDK Runtime Environment (8.0_65-b17) (build 1.8.0_65-b17)
# Java VM: OpenJDK 64-Bit Server VM (25.65-b01 mixed mode linux-amd64 compressed oops)
Heap:
 PSYoungGen      total 74240K, used 39240K [0x000000076dc00000, 0x0000000772e80000, 0x00000007c0000000)
  eden space 64000K, 54% used [0x000000076dc00000,0x000000076fe1c640,0x0000000771a80000)
  from space 10240K, 42% used [0x0000000771a80000,0x0000000771eb5b58,0x0000000772480000)
  to   space 10240K, 0% used [0x0000000772480000,0x0000000772480000,0x0000000772e80000)
 ParOldGen       total 169472K, used 96K [0x00000006c9400000, 0x00000006d3980000, 0x000000076dc00000)
  object space 169472K, 0% used [0x00000006c9400000,0x00000006c9418010,0x00000006d3980000)
 Metaspace       used 19485K, capacity 19688K, committed 20096K, reserved 1067008K
  class space    used 2052K, capacity 2088K, committed 2176K, reserved 1048576K
GC Heap History (6 events):
Event: 10.824 GC heap before
{Heap before GC invocations=1 (full 0):
 PSYoungGen      total 74240K, used 64000K [0x000000076dc00000, 0x0000000772e80000, 0x00000007c0000000)
  eden space 64000K, 100% used [0x000000076dc00000,0x0000000771a80000,0x0000000771a80000)
  from space 10240K, 0% used [0x0000000772480000,0x0000000772480000,0x0000000772e80000)
  to   space 10240K, 0% used [0x0000000771a80000,0x0000000771a80000,0x0000000772480000)
 ParOldGen       total 169472K, used 0K [0x00000006c9400000, 0x00000006d3980000, 0x000000076dc00000)
  object space 169472K, 0% used [0x00000006c9400000,0x00000006c9400000,0x00000006d3980000)
 Metaspace       used 14318K, capacity 14508K, committed 14848K, reserved 1062912K
  class space    used 1648K, capacity 1694K, committed 1792K, reserved 1048576K
Event: 10.832 GC heap after
Heap after GC invocations=1 (full 0):
 PSYoungGen      total 74240K, used 7692K [0x000000076dc00000, 0x0000000772e80000, 0x00000007c0000000)
  eden space 64000K, 0% used [0x000000076dc00000,0x000000076dc00000,0x0000000771a80000)
  from space 10240K, 75% used [0x0000000771a80000,0x00000007722031f0,0x0000000772480000)
  to   space 10240K, 0% used [0x0000000772480000,0x0000000772480000,0x0000000772e80000)
 ParOldGen       total 169472K, used 80K [0x00000006c9400000, 0x00000006d3980000, 0x000000076dc00000)
  object space 169472K, 0% used [0x00000006c9400000,0x00000006c9414010,0x00000006d3980000)
 Metaspace       used 14318K, capacity 14508K, committed 14848K, reserved 1062912K
  class space    used 1648K, capacity 1694K, committed 1792K, reserved 1048576K
}
Event: 342.473 GC heap before
{Heap before GC invocations=2 (full 0):
 PSYoungGen      total 74240K, used 71692K [0x000000076dc00000, 0x0000000772e80000, 0x00000007c0000000)
  eden space 64000K, 100% used [0x000000076dc00000,0x0000000771a80000,0x0000000771a80000)
  from space 10240K, 75% used [0x0000000771a80000,0x00000007722031f0,0x0000000772480000)
  to   space 10240K, 0% used [0x0000000772480000,0x0000000772480000,0x0000000772e80000)
 ParOldGen       total 169472K, used 80K [0x00000006c9400000, 0x00000006d3980000, 0x000000076dc00000)
  object space 169472K, 0% used [0x00000006c9400000,0x00000006c9414010,0x00000006d3980000)
 Metaspace       used 19464K, capacity 19688K, committed 20096K, reserved 1067008K
  class space    used 2050K, capacity 2088K, committed 2176K, reserved 1048576K
Event: 342.520 GC heap after
Heap after GC invocations=2 (full 0):
 PSYoungGen      total 74240K, used 4907K [0x000000076dc00000, 0x0000000772e80000, 0x00000007c0000000)
  eden space 64000K, 0% used [0x000000076dc00000,0x000000076dc00000,0x0000000771a80000)
  from space 10240K, 47% used [0x0000000772480000,0x000000077294afd8,0x0000000772e80000)
  to   space 10240K, 0% used [0x0000000771a80000,0x0000000771a80000,0x0000000772480000)
 ParOldGen       total 169472K, used 88K [0x00000006c9400000, 0x00000006d3980000, 0x000000076dc00000)
  object space 169472K, 0% used [0x00000006c9400000,0x00000006c9416010,0x00000006d3980000)
 Metaspace       used 19464K, capacity 19688K, committed 20096K, reserved 1067008K
  class space    used 2050K, capacity 2088K, committed 2176K, reserved 1048576K
}
Event: 353.485 GC heap before
{Heap before GC invocations=3 (full 0):
 PSYoungGen      total 74240K, used 68907K [0x000000076dc00000, 0x0000000772e80000, 0x00000007c0000000)
  eden space 64000K, 100% used [0x000000076dc00000,0x0000000771a80000,0x0000000771a80000)
  from space 10240K, 47% used [0x0000000772480000,0x000000077294afd8,0x0000000772e80000)
  to   space 10240K, 0% used [0x0000000771a80000,0x0000000771a80000,0x0000000772480000)
 ParOldGen       total 169472K, used 88K [0x00000006c9400000, 0x00000006d3980000, 0x000000076dc00000)
  object space 169472K, 0% used [0x00000006c9400000,0x00000006c9416010,0x00000006d3980000)
 Metaspace       used 19484K, capacity 19688K, committed 20096K, reserved 1067008K
  class space    used 2052K, capacity 2088K, committed 2176K, reserved 1048576K
Event: 353.545 GC heap after
Heap after GC invocations=3 (full 0):
 PSYoungGen      total 74240K, used 4310K [0x000000076dc00000, 0x0000000772e80000, 0x00000007c0000000)
  eden space 64000K, 0% used [0x000000076dc00000,0x000000076dc00000,0x0000000771a80000)
  from space 10240K, 42% used [0x0000000771a80000,0x0000000771eb5b58,0x0000000772480000)
  to   space 10240K, 0% used [0x0000000772480000,0x0000000772480000,0x0000000772e80000)
 ParOldGen       total 169472K, used 96K [0x00000006c9400000, 0x00000006d3980000, 0x000000076dc00000)
  object space 169472K, 0% used [0x00000006c9400000,0x00000006c9418010,0x00000006d3980000)
 Metaspace       used 19484K, capacity 19688K, committed 20096K, reserved 1067008K
  class space    used 2052K, capacity 2088K, committed 2176K, reserved 1048576K
}

